<?xml version="1.0" encoding="UTF-8"?>
<testng-results ignored="0" total="1" passed="1" failed="0" skipped="0">
  <reporter-output>
  </reporter-output>
  <suite started-at="2021-08-03T08:10:50 IST" name="Default suite" finished-at="2021-08-03T08:10:55 IST" duration-ms="5124">
    <groups>
    </groups>
    <test started-at="2021-08-03T08:10:50 IST" name="Default test" finished-at="2021-08-03T08:10:55 IST" duration-ms="5124">
      <class name="withoutUsingFindBy.Page_objects">
        <test-method signature="login()[pri:0, instance:withoutUsingFindBy.Page_objects@4d910fd6]" started-at="2021-08-03T08:10:50 IST" name="login" finished-at="2021-08-03T08:10:55 IST" duration-ms="5078" status="PASS">
          <reporter-output>
          </reporter-output>
        </test-method> <!-- login -->
      </class> <!-- withoutUsingFindBy.Page_objects -->
    </test> <!-- Default test -->
  </suite> <!-- Default suite -->
</testng-results>
